{"D:\\Abhishek Pandey Github\\File-Upload-System\\src\\handlers\\authenticate.ts": {"path":"D:\\Abhishek Pandey Github\\File-Upload-System\\src\\handlers\\authenticate.ts","statementMap":{"0":{"start":{"line":2,"column":0},"end":{"line":2,"column":39}},"1":{"start":{"line":5,"column":11},"end":{"line":5,"column":19}},"2":{"start":{"line":6,"column":17},"end":{"line":6,"column":46}},"3":{"start":{"line":8,"column":23},"end":{"line":92,"column":1}},"4":{"start":{"line":9,"column":4},"end":{"line":91,"column":null}},"5":{"start":{"line":10,"column":8},"end":{"line":10,"column":88}},"6":{"start":{"line":13,"column":40},"end":{"line":13,"column":70}},"7":{"start":{"line":15,"column":8},"end":{"line":26,"column":null}},"8":{"start":{"line":16,"column":12},"end":{"line":25,"column":14}},"9":{"start":{"line":29,"column":24},"end":{"line":29,"column":71}},"10":{"start":{"line":30,"column":29},"end":{"line":40,"column":10}},"11":{"start":{"line":43,"column":26},"end":{"line":43,"column":50}},"12":{"start":{"line":44,"column":23},"end":{"line":44,"column":43}},"13":{"start":{"line":46,"column":39},"end":{"line":54,"column":10}},"14":{"start":{"line":56,"column":8},"end":{"line":59,"column":21}},"15":{"start":{"line":61,"column":8},"end":{"line":77,"column":10}},"16":{"start":{"line":80,"column":8},"end":{"line":80,"column":65}},"17":{"start":{"line":81,"column":8},"end":{"line":90,"column":10}},"18":{"start":{"line":8,"column":13},"end":{"line":8,"column":23}}},"fnMap":{"0":{"name":"(anonymous_0)","decl":{"start":{"line":8,"column":23},"end":{"line":8,"column":28}},"loc":{"start":{"line":8,"column":93},"end":{"line":92,"column":1}}}},"branchMap":{"0":{"loc":{"start":{"line":13,"column":51},"end":{"line":13,"column":69}},"type":"binary-expr","locations":[{"start":{"line":13,"column":51},"end":{"line":13,"column":61}},{"start":{"line":13,"column":65},"end":{"line":13,"column":69}}]},"1":{"loc":{"start":{"line":15,"column":8},"end":{"line":26,"column":null}},"type":"if","locations":[{"start":{"line":15,"column":8},"end":{"line":26,"column":null}}]},"2":{"loc":{"start":{"line":15,"column":12},"end":{"line":15,"column":81}},"type":"binary-expr","locations":[{"start":{"line":15,"column":12},"end":{"line":15,"column":26}},{"start":{"line":15,"column":30},"end":{"line":15,"column":47}},{"start":{"line":15,"column":51},"end":{"line":15,"column":63}},{"start":{"line":15,"column":67},"end":{"line":15,"column":81}}]}},"s":{"0":1,"1":1,"2":1,"3":1,"4":2,"5":2,"6":2,"7":2,"8":1,"9":1,"10":1,"11":1,"12":1,"13":1,"14":1,"15":0,"16":1,"17":1,"18":1},"f":{"0":2},"b":{"0":[2,0],"1":[1],"2":[2,1,1,1]}}
,"D:\\Abhishek Pandey Github\\File-Upload-System\\src\\handlers\\notification.ts": {"path":"D:\\Abhishek Pandey Github\\File-Upload-System\\src\\handlers\\notification.ts","statementMap":{"0":{"start":{"line":2,"column":0},"end":{"line":2,"column":44}},"1":{"start":{"line":5,"column":12},"end":{"line":5,"column":21}},"2":{"start":{"line":6,"column":11},"end":{"line":6,"column":19}},"3":{"start":{"line":7,"column":17},"end":{"line":7,"column":46}},"4":{"start":{"line":9,"column":23},"end":{"line":13,"column":1}},"5":{"start":{"line":10,"column":4},"end":{"line":12,"column":53}},"6":{"start":{"line":10,"column":22},"end":{"line":10,"column":42}},"7":{"start":{"line":11,"column":9},"end":{"line":12,"column":53}},"8":{"start":{"line":11,"column":30},"end":{"line":11,"column":71}},"9":{"start":{"line":12,"column":9},"end":{"line":12,"column":53}},"10":{"start":{"line":15,"column":34},"end":{"line":89,"column":1}},"11":{"start":{"line":16,"column":4},"end":{"line":88,"column":null}},"12":{"start":{"line":17,"column":8},"end":{"line":17,"column":71}},"13":{"start":{"line":19,"column":39},"end":{"line":19,"column":83}},"14":{"start":{"line":20,"column":27},"end":{"line":20,"column":49}},"15":{"start":{"line":21,"column":26},"end":{"line":21,"column":87}},"16":{"start":{"line":22,"column":25},"end":{"line":22,"column":47}},"17":{"start":{"line":25,"column":27},"end":{"line":28,"column":20}},"18":{"start":{"line":30,"column":23},"end":{"line":30,"column":56}},"19":{"start":{"line":31,"column":23},"end":{"line":31,"column":56}},"20":{"start":{"line":32,"column":28},"end":{"line":32,"column":66}},"21":{"start":{"line":33,"column":26},"end":{"line":33,"column":50}},"22":{"start":{"line":36,"column":23},"end":{"line":36,"column":43}},"23":{"start":{"line":38,"column":39},"end":{"line":51,"column":10}},"24":{"start":{"line":53,"column":8},"end":{"line":56,"column":21}},"25":{"start":{"line":59,"column":8},"end":{"line":81,"column":null}},"26":{"start":{"line":60,"column":49},"end":{"line":72,"column":14}},"27":{"start":{"line":74,"column":12},"end":{"line":78,"column":25}},"28":{"start":{"line":80,"column":12},"end":{"line":80,"column":78}},"29":{"start":{"line":83,"column":8},"end":{"line":83,"column":58}},"30":{"start":{"line":86,"column":8},"end":{"line":86,"column":62}},"31":{"start":{"line":87,"column":8},"end":{"line":87,"column":20}},"32":{"start":{"line":15,"column":13},"end":{"line":15,"column":34}}},"fnMap":{"0":{"name":"(anonymous_0)","decl":{"start":{"line":9,"column":23},"end":{"line":9,"column":24}},"loc":{"start":{"line":9,"column":49},"end":{"line":13,"column":1}}},"1":{"name":"(anonymous_1)","decl":{"start":{"line":15,"column":34},"end":{"line":15,"column":39}},"loc":{"start":{"line":15,"column":50},"end":{"line":89,"column":1}}}},"branchMap":{"0":{"loc":{"start":{"line":10,"column":4},"end":{"line":12,"column":53}},"type":"if","locations":[{"start":{"line":10,"column":4},"end":{"line":12,"column":53}},{"start":{"line":11,"column":9},"end":{"line":12,"column":53}}]},"1":{"loc":{"start":{"line":11,"column":9},"end":{"line":12,"column":53}},"type":"if","locations":[{"start":{"line":11,"column":9},"end":{"line":12,"column":53}},{"start":{"line":12,"column":9},"end":{"line":12,"column":53}}]},"2":{"loc":{"start":{"line":30,"column":23},"end":{"line":30,"column":56}},"type":"binary-expr","locations":[{"start":{"line":30,"column":23},"end":{"line":30,"column":50}},{"start":{"line":30,"column":54},"end":{"line":30,"column":56}}]},"3":{"loc":{"start":{"line":30,"column":23},"end":{"line":30,"column":50}},"type":"cond-expr","locations":[{"start":{"line":30,"column":42},"end":{"line":30,"column":44}},{"start":{"line":30,"column":42},"end":{"line":30,"column":50}}]},"4":{"loc":{"start":{"line":30,"column":23},"end":{"line":30,"column":44}},"type":"binary-expr","locations":[{"start":{"line":30,"column":23},"end":{"line":30,"column":44}},{"start":{"line":30,"column":42},"end":{"line":30,"column":44}}]},"5":{"loc":{"start":{"line":31,"column":23},"end":{"line":31,"column":56}},"type":"binary-expr","locations":[{"start":{"line":31,"column":23},"end":{"line":31,"column":50}},{"start":{"line":31,"column":54},"end":{"line":31,"column":56}}]},"6":{"loc":{"start":{"line":31,"column":23},"end":{"line":31,"column":50}},"type":"cond-expr","locations":[{"start":{"line":31,"column":42},"end":{"line":31,"column":44}},{"start":{"line":31,"column":42},"end":{"line":31,"column":50}}]},"7":{"loc":{"start":{"line":31,"column":23},"end":{"line":31,"column":44}},"type":"binary-expr","locations":[{"start":{"line":31,"column":23},"end":{"line":31,"column":44}},{"start":{"line":31,"column":42},"end":{"line":31,"column":44}}]},"8":{"loc":{"start":{"line":32,"column":28},"end":{"line":32,"column":66}},"type":"binary-expr","locations":[{"start":{"line":32,"column":28},"end":{"line":32,"column":60}},{"start":{"line":32,"column":64},"end":{"line":32,"column":66}}]},"9":{"loc":{"start":{"line":32,"column":28},"end":{"line":32,"column":60}},"type":"cond-expr","locations":[{"start":{"line":32,"column":47},"end":{"line":32,"column":49}},{"start":{"line":32,"column":47},"end":{"line":32,"column":60}}]},"10":{"loc":{"start":{"line":32,"column":28},"end":{"line":32,"column":49}},"type":"binary-expr","locations":[{"start":{"line":32,"column":28},"end":{"line":32,"column":49}},{"start":{"line":32,"column":47},"end":{"line":32,"column":49}}]},"11":{"loc":{"start":{"line":42,"column":22},"end":{"line":42,"column":57}},"type":"binary-expr","locations":[{"start":{"line":42,"column":22},"end":{"line":42,"column":51}},{"start":{"line":42,"column":55},"end":{"line":42,"column":57}}]},"12":{"loc":{"start":{"line":42,"column":22},"end":{"line":42,"column":51}},"type":"cond-expr","locations":[{"start":{"line":42,"column":41},"end":{"line":42,"column":43}},{"start":{"line":42,"column":41},"end":{"line":42,"column":51}}]},"13":{"loc":{"start":{"line":42,"column":22},"end":{"line":42,"column":43}},"type":"binary-expr","locations":[{"start":{"line":42,"column":22},"end":{"line":42,"column":43}},{"start":{"line":42,"column":41},"end":{"line":42,"column":43}}]},"14":{"loc":{"start":{"line":44,"column":25},"end":{"line":44,"column":77}},"type":"binary-expr","locations":[{"start":{"line":44,"column":25},"end":{"line":44,"column":47}},{"start":{"line":44,"column":51},"end":{"line":44,"column":77}}]},"15":{"loc":{"start":{"line":59,"column":8},"end":{"line":81,"column":null}},"type":"if","locations":[{"start":{"line":59,"column":8},"end":{"line":81,"column":null}}]},"16":{"loc":{"start":{"line":66,"column":30},"end":{"line":66,"column":65}},"type":"binary-expr","locations":[{"start":{"line":66,"column":30},"end":{"line":66,"column":52}},{"start":{"line":66,"column":56},"end":{"line":66,"column":65}}]}},"s":{"0":1,"1":1,"2":1,"3":1,"4":1,"5":0,"6":0,"7":0,"8":0,"9":0,"10":1,"11":1,"12":1,"13":1,"14":1,"15":1,"16":1,"17":1,"18":0,"19":0,"20":0,"21":0,"22":0,"23":0,"24":0,"25":0,"26":0,"27":0,"28":0,"29":0,"30":1,"31":1,"32":1},"f":{"0":0,"1":1},"b":{"0":[0,0],"1":[0,0],"2":[0,0],"3":[0,0],"4":[0,0],"5":[0,0],"6":[0,0],"7":[0,0],"8":[0,0],"9":[0,0],"10":[0,0],"11":[0,0],"12":[0,0],"13":[0,0],"14":[0,0],"15":[0],"16":[0,0]}}
,"D:\\Abhishek Pandey Github\\File-Upload-System\\src\\tests\\_mocks_\\aws-sdk.ts": {"path":"D:\\Abhishek Pandey Github\\File-Upload-System\\src\\tests\\_mocks_\\aws-sdk.ts","statementMap":{"0":{"start":{"line":1,"column":15},"end":{"line":6,"column":2}},"1":{"start":{"line":27,"column":9},"end":{"line":27,"column":15}},"2":{"start":{"line":8,"column":16},"end":{"line":12,"column":2}},"3":{"start":{"line":27,"column":17},"end":{"line":27,"column":24}},"4":{"start":{"line":14,"column":21},"end":{"line":18,"column":2}},"5":{"start":{"line":27,"column":26},"end":{"line":27,"column":38}},"6":{"start":{"line":20,"column":13},"end":{"line":20,"column":40}},"7":{"start":{"line":20,"column":32},"end":{"line":20,"column":38}},"8":{"start":{"line":21,"column":13},"end":{"line":21,"column":42}},"9":{"start":{"line":21,"column":33},"end":{"line":21,"column":40}},"10":{"start":{"line":22,"column":13},"end":{"line":24,"column":2}},"11":{"start":{"line":23,"column":32},"end":{"line":23,"column":44}},"12":{"start":{"line":30,"column":0},"end":{"line":30,"column":57}},"13":{"start":{"line":31,"column":0},"end":{"line":31,"column":49}},"14":{"start":{"line":32,"column":0},"end":{"line":32,"column":48}}},"fnMap":{"0":{"name":"(anonymous_0)","decl":{"start":{"line":20,"column":26},"end":{"line":20,"column":29}},"loc":{"start":{"line":20,"column":32},"end":{"line":20,"column":38}}},"1":{"name":"(anonymous_1)","decl":{"start":{"line":21,"column":27},"end":{"line":21,"column":30}},"loc":{"start":{"line":21,"column":33},"end":{"line":21,"column":40}}},"2":{"name":"(anonymous_2)","decl":{"start":{"line":23,"column":26},"end":{"line":23,"column":29}},"loc":{"start":{"line":23,"column":32},"end":{"line":23,"column":44}}}},"branchMap":{},"s":{"0":1,"1":1,"2":1,"3":1,"4":1,"5":1,"6":1,"7":0,"8":1,"9":0,"10":1,"11":0,"12":1,"13":1,"14":1},"f":{"0":0,"1":0,"2":0},"b":{}}
}
