TN:
SF:src\handlers\authenticate.ts
FN:8,(anonymous_0)
FNF:1
FNH:1
FNDA:2,(anonymous_0)
DA:2,1
DA:5,1
DA:6,1
DA:8,1
DA:9,2
DA:10,2
DA:13,2
DA:15,2
DA:16,1
DA:29,1
DA:30,1
DA:43,1
DA:44,1
DA:46,1
DA:56,1
DA:61,0
DA:80,1
DA:81,1
LF:18
LH:17
BRDA:13,0,0,2
BRDA:13,0,1,0
BRDA:15,1,0,1
BRDA:15,2,0,2
BRDA:15,2,1,1
BRDA:15,2,2,1
BRDA:15,2,3,1
BRF:7
BRH:6
end_of_record
TN:
SF:src\handlers\notification.ts
FN:9,(anonymous_0)
FN:15,(anonymous_1)
FNF:2
FNH:1
FNDA:0,(anonymous_0)
FNDA:1,(anonymous_1)
DA:2,1
DA:5,1
DA:6,1
DA:7,1
DA:9,1
DA:10,0
DA:11,0
DA:12,0
DA:15,1
DA:16,1
DA:17,1
DA:19,1
DA:20,1
DA:21,1
DA:22,1
DA:25,1
DA:30,0
DA:31,0
DA:32,0
DA:33,0
DA:36,0
DA:38,0
DA:53,0
DA:59,0
DA:60,0
DA:74,0
DA:80,0
DA:83,0
DA:86,1
DA:87,1
LF:30
LH:15
BRDA:10,0,0,0
BRDA:10,0,1,0
BRDA:11,1,0,0
BRDA:11,1,1,0
BRDA:30,2,0,0
BRDA:30,2,1,0
BRDA:30,3,0,0
BRDA:30,3,1,0
BRDA:30,4,0,0
BRDA:30,4,1,0
BRDA:31,5,0,0
BRDA:31,5,1,0
BRDA:31,6,0,0
BRDA:31,6,1,0
BRDA:31,7,0,0
BRDA:31,7,1,0
BRDA:32,8,0,0
BRDA:32,8,1,0
BRDA:32,9,0,0
BRDA:32,9,1,0
BRDA:32,10,0,0
BRDA:32,10,1,0
BRDA:42,11,0,0
BRDA:42,11,1,0
BRDA:42,12,0,0
BRDA:42,12,1,0
BRDA:42,13,0,0
BRDA:42,13,1,0
BRDA:44,14,0,0
BRDA:44,14,1,0
BRDA:59,15,0,0
BRDA:66,16,0,0
BRDA:66,16,1,0
BRF:33
BRH:0
end_of_record
TN:
SF:src\tests\_mocks_\aws-sdk.ts
FN:20,(anonymous_0)
FN:21,(anonymous_1)
FN:23,(anonymous_2)
FNF:3
FNH:0
FNDA:0,(anonymous_0)
FNDA:0,(anonymous_1)
FNDA:0,(anonymous_2)
DA:1,1
DA:8,1
DA:14,1
DA:20,1
DA:21,1
DA:22,1
DA:23,0
DA:27,1
DA:30,1
DA:31,1
DA:32,1
LF:11
LH:10
BRF:0
BRH:0
end_of_record
